This is pdfeTeX, Version 3.141592-1.21a-2.2 (Web2C 7.5.4) (format=pdflatex 2007.4.29)  29 APR 2007 22:21
entering extended mode
**graph_user_manual.tex
(./graph_user_manual.tex
LaTeX2e <2003/12/01>
Babel <v3.8d> and hyphenation patterns for american, french, german, ngerman, b
ahasa, basque, bulgarian, catalan, croatian, czech, danish, dutch, esperanto, e
stonian, finnish, greek, icelandic, irish, italian, latin, magyar, norsk, polis
h, portuges, romanian, russian, serbian, slovak, slovene, spanish, swedish, tur
kish, ukrainian, nohyphenation, loaded.
(/usr/share/texmf-tetex/tex/latex/base/article.cls
Document Class: article 2004/02/16 v1.4f Standard LaTeX document class
(/usr/share/texmf-tetex/tex/latex/base/size11.clo
File: size11.clo 2004/02/16 v1.4f Standard LaTeX file (size option)
)
\c@part=\count79
\c@section=\count80
\c@subsection=\count81
\c@subsubsection=\count82
\c@paragraph=\count83
\c@subparagraph=\count84
\c@figure=\count85
\c@table=\count86
\abovecaptionskip=\skip41
\belowcaptionskip=\skip42
\bibindent=\dimen102
)
(/usr/share/texmf-tetex/tex/latex/preprint/fullpage.sty
Package: fullpage 1999/02/23 1.1 (PWD)
\FP@margin=\skip43
)
(/usr/share/texmf-tetex/tex/latex/amsmath/amstext.sty
Package: amstext 2000/06/29 v2.01

(/usr/share/texmf-tetex/tex/latex/amsmath/amsgen.sty
File: amsgen.sty 1999/11/30 v2.0
\@emptytoks=\toks14
\ex@=\dimen103
))
(/usr/share/texmf-tetex/tex/latex/program/program.sty
\@gtempa=\dimen104
\@gtempa=\dimen105
\@gtempa=\dimen106
\@gtempa=\dimen107
\@gtempa=\dimen108
\@gtempa=\dimen109
\@gtempa=\dimen110
\@gtempa=\dimen111
\@gtempa=\dimen112
\@gtempa=\dimen113
\@gtempa=\dimen114
\@gtempa=\dimen115
\@gtempa=\dimen116
\@gtempa=\dimen117
\@gtempa=\dimen118
\@gtempa=\dimen119
\@gtempa=\dimen120
\@gtempa=\dimen121
\@gtempa=\dimen122
\@gtempa=\dimen123
\@gtempa=\dimen124
\@gtempa=\dimen125
\@gtempa=\dimen126
\@gtempa=\dimen127
\@gtempa=\dimen128
\@gtempa=\dimen129
\@gtempa=\dimen130
\@gtempa=\dimen131
\@gtempa=\dimen132
\@gtempa=\dimen133
\@gtempa=\dimen134
\@gtempa=\dimen135
\@gtempa=\dimen136
\@gtempa=\dimen137
\@gtempa=\dimen138
\@gtempa=\dimen139
\@gtempa=\dimen140
\@gtempa=\dimen141
\@gtempa=\dimen142
\@gtempa=\dimen143
\@gtempa=\dimen144
\@gtempa=\dimen145
\@gtempa=\dimen146
\@gtempa=\dimen147
\@gtempa=\dimen148
\@gtempa=\dimen149
\@gtempa=\dimen150
\@gtempa=\dimen151
\@gtempa=\dimen152
\@gtempa=\dimen153
\c@programline=\count87
\old@nxttabmar=\count88
\symeulerletters=\mathgroup4
\powersetbox=\box26
LaTeX Font Info:    External font `cmex10' loaded for size
(Font)              <14.4> on input line 798.
LaTeX Font Info:    External font `cmex10' loaded for size
(Font)              <7> on input line 798.
LaTeX Font Info:    Try loading font information for U+eur on input line 798.

(/usr/share/texmf-tetex/tex/latex/amsfonts/ueur.fd
File: ueur.fd 2002/01/19 v2.2g AMS font definitions
))
(/usr/share/texmf-tetex/tex/latex/fancybox/fancybox.sty
Package: fancybox 2000/09/19 1.3

Style option: `fancybox' v1.3 <2000/09/19> (tvz)
\@fancybox=\box27
\shadowsize=\dimen154
\@Sbox=\box28
\do@VerbBox=\toks15
\the@fancyput=\toks16
\this@fancyput=\toks17
\EndVerbatimTokens=\toks18
\Verbatim@Outfile=\write3
\Verbatim@Infile=\read1
) (/usr/share/texmf-tetex/tex/latex/base/latexsym.sty
Package: latexsym 1998/08/17 v2.2e Standard LaTeX package (lasy symbols)
\symlasy=\mathgroup5
LaTeX Font Info:    Overwriting symbol font `lasy' in version `bold'
(Font)                  U/lasy/m/n --> U/lasy/b/n on input line 47.
)
(/usr/share/texmf-tetex/tex/latex/graphics/graphicx.sty
Package: graphicx 1999/02/16 v1.0f Enhanced LaTeX Graphics (DPC,SPQR)

(/usr/share/texmf-tetex/tex/latex/graphics/keyval.sty
Package: keyval 1999/03/16 v1.13 key=value parser (DPC)
\KV@toks@=\toks19
)
(/usr/share/texmf-tetex/tex/latex/graphics/graphics.sty
Package: graphics 2001/07/07 v1.0n Standard LaTeX Graphics (DPC,SPQR)

(/usr/share/texmf-tetex/tex/latex/graphics/trig.sty
Package: trig 1999/03/16 v1.09 sin cos tan (DPC)
)
(/usr/share/texmf-tetex/tex/latex/graphics/graphics.cfg
File: graphics.cfg 2005/02/03 v1.3 graphics configuration of teTeX/TeXLive
)
Package graphics Info: Driver file: pdftex.def on input line 80.

(/usr/share/texmf-tetex/tex/latex/graphics/pdftex.def
File: pdftex.def 2002/06/19 v0.03k graphics/color for pdftex
\Gread@gobject=\count89
))
\Gin@req@height=\dimen155
\Gin@req@width=\dimen156
)
(./graph_user_manual.aux)
\openout1 = `graph_user_manual.aux'.

LaTeX Font Info:    Checking defaults for OML/cmm/m/it on input line 13.
LaTeX Font Info:    ... okay on input line 13.
LaTeX Font Info:    Checking defaults for T1/cmr/m/n on input line 13.
LaTeX Font Info:    ... okay on input line 13.
LaTeX Font Info:    Checking defaults for OT1/cmr/m/n on input line 13.
LaTeX Font Info:    ... okay on input line 13.
LaTeX Font Info:    Checking defaults for OMS/cmsy/m/n on input line 13.
LaTeX Font Info:    ... okay on input line 13.
LaTeX Font Info:    Checking defaults for OMX/cmex/m/n on input line 13.
LaTeX Font Info:    ... okay on input line 13.
LaTeX Font Info:    Checking defaults for U/cmr/m/n on input line 13.
LaTeX Font Info:    ... okay on input line 13.
 (/usr/share/texmf-tetex/tex/context/base/supp-pdf.tex (/usr/share/texmf-tetex/
tex/context/base/supp-mis.tex
loading : Context Support Macros / Miscellaneous (2004.10.26)
\protectiondepth=\count90
\scratchcounter=\count91
\scratchtoks=\toks20
\scratchdimen=\dimen157
\scratchskip=\skip44
\scratchmuskip=\muskip10
\scratchbox=\box29
\scratchread=\read2
\scratchwrite=\write4
\zeropoint=\dimen158
\onepoint=\dimen159
\onebasepoint=\dimen160
\minusone=\count92
\thousandpoint=\dimen161
\onerealpoint=\dimen162
\emptytoks=\toks21
\nextbox=\box30
\nextdepth=\dimen163
\everyline=\toks22
\!!counta=\count93
\!!countb=\count94
\recursecounter=\count95
)
loading : Context Support Macros / PDF (2004.03.26)
\nofMPsegments=\count96
\nofMParguments=\count97
\MPscratchCnt=\count98
\MPscratchDim=\dimen164
\MPnumerator=\count99
\everyMPtoPDFconversion=\toks23
)
LaTeX Font Info:    External font `cmex10' loaded for size
(Font)              <12> on input line 25.
LaTeX Font Info:    External font `cmex10' loaded for size
(Font)              <8> on input line 25.
LaTeX Font Info:    External font `cmex10' loaded for size
(Font)              <6> on input line 25.
LaTeX Font Info:    Try loading font information for U+lasy on input line 25.
 (/usr/share/texmf-tetex/tex/latex/base/ulasy.fd
File: ulasy.fd 1998/08/17 v2.2e LaTeX symbol font definitions
)
LaTeX Font Info:    External font `cmex10' loaded for size
(Font)              <5> on input line 25.
LaTeX Font Info:    External font `cmex10' loaded for size
(Font)              <9> on input line 25.

Underfull \hbox (badness 1442) in paragraph at lines 25--25
[][]\OT1/cmr/m/n/9 I have grad-u-ated from RPI. Fur-ther main-te-nance and de-v
el-op-ment is be-ing done via Source Forge.
 []

LaTeX Font Info:    External font `cmex10' loaded for size
(Font)              <10.95> on input line 36.
<plot_device.pdf, id=1, 613.29124pt x 283.0575pt>
File: plot_device.pdf Graphic file (type pdf)
 <use plot_device.pdf>
<utilization-vs-time.pdf, id=2, 361.35pt x 252.945pt>
File: utilization-vs-time.pdf Graphic file (type pdf)

<use utilization-vs-time.pdf>
Overfull \hbox (5.9325pt too wide) in paragraph at lines 62--66
[][] 
 []

[1

{/var/lib/texmf/fonts/map/pdftex/updmap/pdftex.map}] [2 <./plot_device.pdf> <./
utilization-vs-time.pdf>]
LaTeX Font Info:    Try loading font information for OMS+cmr on input line 160.

 (/usr/share/texmf-tetex/tex/latex/base/omscmr.fd
File: omscmr.fd 1999/05/25 v2.5h Standard LaTeX font definitions
)
LaTeX Font Info:    Font shape `OMS/cmr/m/n' in size <10.95> not available
(Font)              Font shape `OMS/cmsy/m/n' tried instead on input line 160.

[3] [4]

LaTeX Warning: \oval, \circle, or \line size unavailable on input line 391.

File: utilization-vs-time.pdf Graphic file (type pdf)
<use utilization-vs-time.pdf> [5] [6]

LaTeX Warning: \oval, \circle, or \line size unavailable on input line 519.

[7]

LaTeX Warning: \oval, \circle, or \line size unavailable on input line 584.

[8]

LaTeX Warning: \oval, \circle, or \line size unavailable on input line 634.

[9]

LaTeX Warning: \oval, \circle, or \line size unavailable on input line 669.

<tcp-cwnd-vs-time.pdf, id=94, 361.35pt x 252.945pt>
File: tcp-cwnd-vs-time.pdf Graphic file (type pdf)
 <use tcp-cwnd-vs-time.pdf>
[10 <./tcp-cwnd-vs-time.pdf>]

LaTeX Warning: \oval, \circle, or \line size unavailable on input line 760.

[11] [12]
Underfull \hbox (badness 2980) in paragraph at lines 1025--1032
\OT1/cmr/m/n/10.95 is the packet size mi-nus the TCP and IP head-ers.
 []


Underfull \hbox (badness 1168) in paragraph at lines 1025--1032
\OT1/cmr/m/n/10.95 de-fined in []\OT1/cmtt/m/n/10.95 $NS/tcl/lib/ns-default.tcl
\OT1/cmr/m/n/10.95 . In ns-2.1b5,
 []


Underfull \hbox (badness 10000) in paragraph at lines 1102--1105
[]\OT1/cmr/m/n/10.95 Calculates the Co-ef-fi-cient of Vari-a-tion
 []


Underfull \hbox (badness 1983) in paragraph at lines 1102--1105
\OT1/cmr/m/n/10.95 (C.O.V.) across the passed TCP agents.
 []

[13] [14] [15] [16

]

LaTeX Warning: \oval, \circle, or \line size unavailable on input line 1248.

[17]
Overfull \hbox (8.17891pt too wide) in paragraph at lines 1271--1278
[]\OT1/cmr/m/n/10.95 If we want to in-sert some text any-where in the out-put l
a-tex, we call the plot de-vice's []\OT1/cmtt/m/n/10.95 output-latex
 []

<qlen_vs_time0_plot1.pdf, id=130, 361.35pt x 252.945pt>
File: qlen_vs_time0_plot1.pdf Graphic file (type pdf)

<use qlen_vs_time0_plot1.pdf>
<qlen_vs_time0_plot2.pdf, id=131, 361.35pt x 252.945pt>
File: qlen_vs_time0_plot2.pdf Graphic file (type pdf)

<use qlen_vs_time0_plot2.pdf> [18 <./qlen_vs_time0_plot1.pdf> <./qlen_vs_time0_
plot2.pdf>] [19]

LaTeX Warning: \oval, \circle, or \line size unavailable on input line 1461.

<xy_vs_time0_plot1.pdf, id=153, 361.35pt x 252.945pt>
File: xy_vs_time0_plot1.pdf Graphic file (type pdf)

<use xy_vs_time0_plot1.pdf> [20] [21] [22 <./xy_vs_time0_plot1.pdf>] [23]
(./graph_user_manual.aux) ) 
Here is how much of TeX's memory you used:
 1613 strings out of 94500
 19197 string characters out of 1175788
 75529 words of memory out of 1000000
 4774 multiletter control sequences out of 10000+50000
 14512 words of font info for 55 fonts, out of 500000 for 2000
 580 hyphenation exceptions out of 8191
 32i,11n,24p,313b,368s stack positions out of 1500i,500n,5000p,200000b,5000s
PDF statistics:
 172 PDF objects out of 300000
 0 named destinations out of 131072
 31 words of extra memory for PDF output out of 65536
</usr/share/texmf-tetex/fonts/type1/bluesky/cm/cmti1
0.pfb></usr/share/texmf-tetex/fonts/type1/bluesky/latex/lcircle1.pfb></usr/shar
e/texmf-tetex/fonts/type1/bluesky/cm/cmsy10.pfb></usr/share/texmf-tetex/fonts/t
ype1/bluesky/cm/cmmi10.pfb></usr/share/texmf-tetex/fonts/type1/bluesky/cm/cmr6.
pfb></usr/share/texmf-tetex/fonts/type1/bluesky/cm/cmr9.pfb></usr/share/texmf-t
etex/fonts/type1/bluesky/cm/cmsy6.pfb></usr/share/texmf-tetex/fonts/type1/blues
ky/cm/cmtt10.pfb></usr/share/texmf-tetex/fonts/type1/bluesky/cm/cmr8.pfb></usr/
share/texmf-tetex/fonts/type1/bluesky/cm/cmbx12.pfb></usr/share/texmf-tetex/fon
ts/type1/bluesky/cm/cmr10.pfb></usr/share/texmf-tetex/fonts/type1/bluesky/cm/cm
bx10.pfb></usr/share/texmf-tetex/fonts/type1/bluesky/cm/cmsy8.pfb></usr/share/t
exmf-tetex/fonts/type1/bluesky/cm/cmr12.pfb></usr/share/texmf-tetex/fonts/type1
/bluesky/cm/cmtt12.pfb></usr/share/texmf-tetex/fonts/type1/bluesky/cm/cmr17.pfb
>
Output written on graph_user_manual.pdf (23 pages, 218059 bytes).
